<?xml version="1.0" encoding="UTF-8"?>
<!-- Generated by org.testng.reporters.JUnitReportReporter -->
<testsuite hostname="Karthi-PC" name="executeTests.FlipkartTest" tests="1" failures="0" timestamp="9 Jun 2020 16:57:57 GMT" time="105.680" errors="0">
  <testcase name="searchProduct" time="105.680" classname="executeTests.FlipkartTest"/>
</testsuite> <!-- executeTests.FlipkartTest -->
