<?xml version="1.0" encoding="UTF-8"?>
<!-- Generated by org.testng.reporters.JUnitReportReporter -->
<testsuite hostname="GokulaKrishnan" name="executeTests.FlipkartTest" tests="3" failures="0" timestamp="7 Dec 2020 21:00:43 GMT" time="179.307" errors="0">
  <testcase name="sortProduct" time="69.565" classname="executeTests.FlipkartTest"/>
  <testcase name="getProductResults" time="66.413" classname="executeTests.FlipkartTest"/>
  <testcase name="sortProduct" time="43.329" classname="executeTests.FlipkartTest"/>
</testsuite> <!-- executeTests.FlipkartTest -->
